# BEAST v1.8.2, r6692
# Generated Sat Jul 11 15:25:55 CEST 2015 [seed=1436621147425]
state	pathLikelihood.delta	pathLikelihood.source	pathLikelihood.destination	pathLikelihood.theta	pathLikelihood.pathLikelihood
1000	-7677.259184346496	-10312.643201624054	-2635.3840172775576	1.0	-10312.643201624054
2000	-7667.304739563133	-10315.0115659019	-2647.706826338767	0.9670538286027488	-10062.403229797297
3000	-7659.261627158259	-10292.386449719135	-2633.124822560876	0.9348750848354606	-9793.577686027442
4000	-7611.43315233937	-10250.577295032235	-2639.144142692865	0.9034534504706005	-9515.71968720019
5000	-7562.163336478152	-10188.150264032196	-2625.986927554044	0.872778642317937	-9226.081577351926
6000	-7519.715389108435	-10119.389721792602	-2599.674332684167	0.8428404124649498	-8937.59435285935
7000	-7522.918977767386	-10119.916417926057	-2596.9974401586705	0.8136285485214058	-8717.859088683686
8000	-7507.133186284353	-10099.199253301775	-2592.066067017422	0.785132873868218	-8486.163120076328
9000	-7505.044538690803	-10081.481689625647	-2576.437150934844	0.7573432479107086	-8260.331957581462
10000	-7508.593419922264	-10087.59613154127	-2579.002711619006	0.7302495663364068	-8062.149800313637
11000	-7502.808693093695	-10077.233883333654	-2574.425190239959	0.7038417613775041	-7855.215276065475
12000	-7522.378456490339	-10108.320800708982	-2585.9423442186426	0.678109802078112	-7686.94091050596
13000	-7494.718951267372	-10095.57085514261	-2600.8519038752383	0.6530436945664579	-7495.230857548132
14000	-7517.680095910035	-10123.340069644124	-2605.65997373409	0.6286334823321714	-7331.525391485267
15000	-7518.3475008458845	-10127.013350036648	-2608.6658491907633	0.6048692465088115	-7156.283037018819
16000	-7530.714297587625	-10140.261885353873	-2609.547587766249	0.5817411061617966	-6990.4736534333315
17000	-7528.043677455102	-10147.227251670223	-2619.183574215122	0.5592392185819061	-6829.160837845571
18000	-7510.216188227914	-10123.710602503095	-2613.4944142751815	0.5373537795845235	-6649.137468516324
19000	-7516.196144147596	-10142.846351422133	-2626.650207274537	0.5160750238148092	-6505.571311362284
20000	-7521.963448236482	-10158.910337688792	-2636.94688945231	0.49539322505898753	-6363.276620850003
21000	-7511.407310224584	-10156.515319049144	-2645.1080088245594	0.4752986965619486	-6215.270112720196
22000	-7519.967346086696	-10162.735711162342	-2642.768365075646	0.4557817913513756	-6070.23255297889
23000	-7507.261515214676	-10137.484691653874	-2630.2231764391972	0.436832902568608	-5909.6420144720305
24000	-7523.865354277139	-10139.213926164319	-2615.34857188718	0.418442463806474	-5763.6533280790745
25000	-7550.864872103502	-10175.660307820825	-2624.7954357173226	0.40060094945432584	-5649.679072683302
26000	-7541.798034276926	-10149.10709625224	-2607.3090619753148	0.38329887505052945	-5498.0717643719545
27000	-7553.856173194563	-10160.307437955096	-2606.451264760534	0.36652679764266793	-5375.141977774835
28000	-7555.66999263401	-10153.083279484867	-2597.4132868508564	0.3502753161557333	-5243.977982289121
29000	-7316.380354850291	-9925.986111832855	-2609.6057569825643	0.33453507176859365	-5057.191584078735
30000	-7331.88785490242	-9935.867154368836	-2603.979299466416	0.3192967482990375	-4945.027250429964
31000	-7351.621947235859	-9965.25343516219	-2613.6314879263323	0.30455107259771197	-4852.575837289893
32000	-7330.578447469508	-9956.626914624318	-2626.0484671548097	0.2902888149512887	-4754.0333975781905
33000	-7334.09052005605	-9984.320981880064	-2650.230461824014	0.2765007894952082	-4678.112280848834
34000	-7367.091864238547	-10014.518833039778	-2647.426968801231	0.26317785463637045	-4586.282400540591
35000	-7355.1368006577795	-10003.425193994812	-2648.288393337032	0.2503109134861649	-4489.359404725389
36000	-7402.647261752378	-10051.709372235287	-2649.0621104829092	0.23789091430424544	-4410.084635853002
37000	-7379.415457812645	-10019.660885467125	-2640.24542765448	0.22590885095348726	-4307.320694437337
38000	-7371.116595823604	-10018.175016443041	-2647.058420619437	0.21435576336658174	-4227.099745381285
39000	-7404.990240551691	-10035.583374581322	-2630.5931340296306	0.20322273802475366	-4135.455525761125
40000	-7401.679732482679	-10033.355419536661	-2631.675687053982	0.19250090844911202	-4056.5057596062784
41000	-7393.008399321405	-10028.862434518831	-2635.8540351974257	0.1821814557051778	-3982.7230674264056
42000	-7407.320409082328	-10052.177740050189	-2644.8573309678604	0.17225560892116176	-3920.809818508486
43000	-7400.213188276411	-10048.835359421308	-2648.622171144897	0.1627146458206033	-3852.745239072251
44000	-7439.025507071163	-10078.303471865476	-2639.277964794314	0.15354989327001706	-3781.539537438026
45000	-7458.081296564829	-10107.64715927771	-2649.565862712881	0.14475272784223595	-3729.1434748598003
46000	-7491.293908521942	-10135.691976600356	-2644.398068078414	0.13631457639618247	-3665.5706238778844
47000	-7620.6516090804835	-10244.0785324414	-2623.426923360916	0.12822691667385014	-3600.5995822389214
48000	-7535.806442206373	-10167.626687967886	-2631.820245761514	0.12048127791532504	-3539.7438360410765
49000	-7520.755434152168	-10151.413878231999	-2630.658444079831	0.11306924149273806	-3481.0245564718043
50000	-7550.502547723467	-10153.329877457012	-2602.827329733545	0.10598244156409653	-3403.0480247772093
51000	-7577.885664840844	-10182.592115510484	-2604.7064506696406	0.09921256574801246	-3356.5279304235837
52000	-7531.456584807219	-10125.235294645783	-2593.7787098385643	0.09275135582041685	-3292.3315193820404
53000	-7596.7466920991355	-10201.054684376577	-2604.307992277441	0.08659060843442937	-3262.1149104685437
54000	-7680.108064701346	-10289.722582990336	-2609.6145182889904	0.08072217586463991	-3229.5695521472517
55000	-7789.390615241933	-10376.733276022003	-2587.3426607800707	0.07513796677715448	-3172.621634042398
56000	-7721.624422232467	-10320.79230302395	-2599.167880791484	0.06982994702686253	-3138.368505157305
57000	-7729.970919964333	-10336.445330671238	-2606.4744107069055	0.06479014048349967	-3107.3003125447617
58000	-7786.246524582568	-10379.015369097271	-2592.768844514703	0.06001062988820621	-3060.0264029197597
59000	-7759.342497374591	-10353.913702619024	-2594.571205244432	0.055483557742424465	-3025.0871327407635
60000	-7743.561740731144	-10341.240991711646	-2597.6792509805023	0.051201127231133854	-2994.1583408898177
61000	-7997.289878576401	-10566.906305345765	-2569.6164267693634	0.04715560318259695	-2946.733454819711
62000	-8168.817138479938	-10745.80651291239	-2576.9893744324518	0.043339313066983146	-2931.0202977839713
63000	-8140.780421666732	-10708.269286044087	-2567.488864377355	0.039744648036453514	-2891.041316978551
64000	-8229.1036572021	-10825.096948366998	-2595.993291164897	0.03636406400953165	-2895.236943296465
65000	-8604.41965632535	-11187.627406072059	-2583.2077497467085	0.033190082802857665	-2868.789150610683
66000	-8617.697584001746	-11189.634946913393	-2571.937362911647	0.030215293313728214	-2832.323623101267
67000	-8346.84992782303	-10938.510078598742	-2591.6601507757114	0.027432352757170694	-2820.6338824069176
68000	-8761.840076378321	-11337.28730336183	-2575.4472269835087	0.024833987961691194	-2793.038657962551
69000	-8542.573194322391	-11146.158127769266	-2603.584933446875	0.0224129967282808	-2795.0495985023217
70000	-8650.547714155666	-11231.805699984749	-2581.257985829083	0.02016224925777198	-2755.672485058139
71000	-9000.224495238375	-11576.877053222164	-2576.652557983789	0.018074689652218572	-2739.328822535518
72000	-9606.163673591673	-12153.393888053535	-2547.2302144618634	0.016143337496641163	-2702.305756692628
73000	-9795.033189778225	-12328.364172222999	-2533.3309824447733	0.014361289528251987	-2674.000290022016
74000	-10109.746791898358	-12632.644991218585	-2522.8981993202274	0.01272172140116927	-2651.5115814431233
75000	-9873.508842823225	-12418.668786502265	-2545.1599436790398	0.011217889555676173	-2655.9198754048225
76000	-9990.329599389379	-12535.1748243046	-2544.8452249152215	0.009843133202303695	-2643.181369896928
77000	-10316.969971237104	-12865.33096534146	-2548.360994104356	0.008590876432461226	-2636.992808284667
78000	-10770.14532362427	-13298.741997874185	-2528.596674249915	0.007454630469050414	-2608.8841277355054
79000	-10795.992457014287	-13319.740131042374	-2523.7476740280863	0.006427996072542175	-2593.144271140969
80000	-10600.376630114399	-13113.952586831514	-2513.5759567171153	0.0055046661204539325	-2571.9274908169573
81000	-10325.760147764262	-12841.12715902707	-2515.367011262808	0.004678428381140585	-2563.6753405949585
82000	-10801.708208092816	-13337.056318624382	-2535.3481105315664	0.003943168506448259	-2577.9410661535617
83000	-10783.522022530346	-13335.290577559932	-2551.768555029586	0.0032928732722604936	-2587.2773264784087
84000	-10890.415039398267	-13457.629563232158	-2567.2145238338912	0.002721634101543468	-2596.8542487850796
85000	-11516.483796818704	-14079.447999574464	-2562.96420275576	0.002223650911514547	-2588.5728424479985
86000	-11644.974832569203	-14217.385984894127	-2572.4111523249235	0.0017932363354956555	-2593.293344320619
87000	-14229.989522577256	-16800.38824095787	-2570.398718380614	0.001424820381547943	-2590.6738974815958
88000	-13710.33622095225	-16280.914922392552	-2570.578701440303	0.0011129556050964646	-2585.8376969851693
89000	-14643.35111868304	-17222.276500067535	-2578.925381384495	8.5232289288861E-4	-2591.406244771554
90000	-14481.159589975508	-17056.980046368964	-2575.8204563934564	6.377379829750564E-4	-2585.055641901507
91000	-15161.78025492484	-17725.717011390356	-2563.9367564655145	4.6415888336127784E-4	-2570.9742314584096
92000	-17200.027219603202	-19788.52880399952	-2588.5015843963174	3.2669440602401713E-4	-2594.1207370724223
93000	-13626.283768679466	-16226.052365152553	-2599.7685964730863	2.2061411225926482E-4	-2602.7747469701067
94000	-14413.59164460663	-17019.279591135237	-2605.687946528607	1.4136008578343349E-4	-2607.725453079936
95000	-17579.20607170916	-20208.862486879105	-2629.6564151699463	8.45611410492474E-5	-2631.14293289411
96000	-34177.04047030635	-36785.71097899313	-2608.6705086867833	4.605039373300482E-5	-2610.2443748570695
97000	-26859.350199843004	-29461.835902509596	-2602.4857026665923	2.1887692117461713E-5	-2603.073591854242
98000	-15782.93332951552	-18407.69264082764	-2624.7593113121216	8.389527766075414E-6	-2624.8917226695194
99000	-15225.54100560114	-17845.678869962918	-2620.1378643617772	2.171534093275924E-6	-2620.170927143159
100000	-15540.70757502113	-18199.274967974394	-2658.567392953265	2.1544346900318824E-7	-2658.5707410972154
101000	-21578.48187247682	-24246.585893938056	-2668.1040214612376	0.0	-2668.1040214612376
